# JRE version: OpenJDK Runtime Environment Temurin-17.0.5+8 (17.0.5+8) (build 17.0.5+8)
# Java VM: OpenJDK 64-Bit Server VM Temurin-17.0.5+8 (17.0.5+8, mixed mode, emulated-client, tiered, compressed oops, compressed class ptrs, g1 gc, windows-amd64)
GC Precious Log:
 CPUs: 4 total, 4 available
 Memory: 12087M
 Large Page Support: Disabled
 NUMA Support: Disabled
 Compressed Oops: Enabled (Zero based)
 Heap Region Size: 2M
 Heap Min Capacity: 8M
 Heap Initial Capacity: 190M
 Heap Max Capacity: 3022M
 Pre-touch: Disabled
 Parallel Workers: 4
 Concurrent Workers: 1
 Concurrent Refinement Workers: 4
 Periodic GC: Disabled
Heap:
 garbage-first heap   total 61440K, used 33954K [0x0000000743200000, 0x0000000800000000)
  region size 2048K, 11 young (22528K), 1 survivors (2048K)
 Metaspace       used 45592K, committed 45952K, reserved 1089536K
  class space    used 5803K, committed 6016K, reserved 1048576K
GC Heap History (20 events):
Event: 1.013 GC heap before
{Heap before GC invocations=2 (full 0):
 garbage-first heap   total 194560K, used 24645K [0x0000000743200000, 0x0000000800000000)
  region size 2048K, 12 young (24576K), 1 survivors (2048K)
 Metaspace       used 21300K, committed 21504K, reserved 1073152K
  class space    used 2503K, committed 2624K, reserved 1048576K
}
Event: 1.016 GC heap after
{Heap after GC invocations=3 (full 0):
 garbage-first heap   total 194560K, used 7685K [0x0000000743200000, 0x0000000800000000)
  region size 2048K, 2 young (4096K), 2 survivors (4096K)
 Metaspace       used 21300K, committed 21504K, reserved 1073152K
  class space    used 2503K, committed 2624K, reserved 1048576K
}
Event: 1.229 GC heap before
{Heap before GC invocations=4 (full 0):
 garbage-first heap   total 40960K, used 28165K [0x0000000743200000, 0x0000000800000000)
  region size 2048K, 13 young (26624K), 2 survivors (4096K)
 Metaspace       used 25374K, committed 25664K, reserved 1073152K
  class space    used 3138K, committed 3264K, reserved 1048576K
}
Event: 1.233 GC heap after
{Heap after GC invocations=5 (full 0):
 garbage-first heap   total 40960K, used 9443K [0x0000000743200000, 0x0000000800000000)
  region size 2048K, 3 young (6144K), 3 survivors (6144K)
 Metaspace       used 25374K, committed 25664K, reserved 1073152K
  class space    used 3138K, committed 3264K, reserved 1048576K
}
Event: 1.242 GC heap before
{Heap before GC invocations=5 (full 0):
 garbage-first heap   total 40960K, used 11491K [0x0000000743200000, 0x0000000800000000)
  region size 2048K, 4 young (8192K), 3 survivors (6144K)
 Metaspace       used 25712K, committed 26048K, reserved 1073152K
  class space    used 3160K, committed 3328K, reserved 1048576K
}
Event: 1.245 GC heap after
{Heap after GC invocations=6 (full 0):
 garbage-first heap   total 40960K, used 9657K [0x0000000743200000, 0x0000000800000000)
  region size 2048K, 1 young (2048K), 1 survivors (2048K)
 Metaspace       used 25712K, committed 26048K, reserved 1073152K
  class space    used 3160K, committed 3328K, reserved 1048576K
}
Event: 1.359 GC heap before
{Heap before GC invocations=6 (full 0):
 garbage-first heap   total 40960K, used 21945K [0x0000000743200000, 0x0000000800000000)
  region size 2048K, 8 young (16384K), 1 survivors (2048K)
 Metaspace       used 28362K, committed 28672K, reserved 1081344K
  class space    used 3469K, committed 3648K, reserved 1048576K
}
Event: 1.360 GC heap after
{Heap after GC invocations=7 (full 0):
 garbage-first heap   total 40960K, used 9887K [0x0000000743200000, 0x0000000800000000)
  region size 2048K, 1 young (2048K), 1 survivors (2048K)
 Metaspace       used 28362K, committed 28672K, reserved 1081344K
  class space    used 3469K, committed 3648K, reserved 1048576K
}
Event: 1.530 GC heap before
{Heap before GC invocations=7 (full 0):
 garbage-first heap   total 40960K, used 24223K [0x0000000743200000, 0x0000000800000000)
  region size 2048K, 9 young (18432K), 1 survivors (2048K)
 Metaspace       used 30476K, committed 30848K, reserved 1081344K
  class space    used 3775K, committed 3968K, reserved 1048576K
}
Event: 1.533 GC heap after
{Heap after GC invocations=8 (full 0):
 garbage-first heap   total 40960K, used 10905K [0x0000000743200000, 0x0000000800000000)
  region size 2048K, 1 young (2048K), 1 survivors (2048K)
 Metaspace       used 30476K, committed 30848K, reserved 1081344K
  class space    used 3775K, committed 3968K, reserved 1048576K
}
Event: 1.779 GC heap before
{Heap before GC invocations=8 (full 0):
 garbage-first heap   total 40960K, used 25241K [0x0000000743200000, 0x0000000800000000)
  region size 2048K, 9 young (18432K), 1 survivors (2048K)
 Metaspace       used 33072K, committed 33344K, reserved 1081344K
  class space    used 4171K, committed 4288K, reserved 1048576K
}
Event: 1.784 GC heap after
{Heap after GC invocations=9 (full 0):
 garbage-first heap   total 118784K, used 12579K [0x0000000743200000, 0x0000000800000000)
  region size 2048K, 2 young (4096K), 2 survivors (4096K)
 Metaspace       used 33072K, committed 33344K, reserved 1081344K
  class space    used 4171K, committed 4288K, reserved 1048576K
}
Event: 1.967 GC heap before
{Heap before GC invocations=9 (full 0):
 garbage-first heap   total 118784K, used 24867K [0x0000000743200000, 0x0000000800000000)
  region size 2048K, 9 young (18432K), 2 survivors (4096K)
 Metaspace       used 35805K, committed 36160K, reserved 1081344K
  class space    used 4522K, committed 4736K, reserved 1048576K
}
Event: 1.975 GC heap after
{Heap after GC invocations=10 (full 0):
 garbage-first heap   total 118784K, used 13892K [0x0000000743200000, 0x0000000800000000)
  region size 2048K, 3 young (6144K), 3 survivors (6144K)
 Metaspace       used 35805K, committed 36160K, reserved 1081344K
  class space    used 4522K, committed 4736K, reserved 1048576K
}
Event: 2.448 GC heap before
{Heap before GC invocations=11 (full 0):
 garbage-first heap   total 61440K, used 44612K [0x0000000743200000, 0x0000000800000000)
  region size 2048K, 18 young (36864K), 3 survivors (6144K)
 Metaspace       used 41398K, committed 41792K, reserved 1089536K
  class space    used 5236K, committed 5440K, reserved 1048576K
}
Event: 2.457 GC heap after
{Heap after GC invocations=12 (full 0):
 garbage-first heap   total 61440K, used 16577K [0x0000000743200000, 0x0000000800000000)
  region size 2048K, 3 young (6144K), 3 survivors (6144K)
 Metaspace       used 41398K, committed 41792K, reserved 1089536K
  class space    used 5236K, committed 5440K, reserved 1048576K
}
Event: 2.466 GC heap before
{Heap before GC invocations=12 (full 0):
 garbage-first heap   total 61440K, used 18625K [0x0000000743200000, 0x0000000800000000)
  region size 2048K, 4 young (8192K), 3 survivors (6144K)
 Metaspace       used 41485K, committed 41856K, reserved 1089536K
  class space    used 5250K, committed 5440K, reserved 1048576K
}
Event: 2.472 GC heap after
{Heap after GC invocations=13 (full 0):
 garbage-first heap   total 61440K, used 17068K [0x0000000743200000, 0x0000000800000000)
  region size 2048K, 1 young (2048K), 1 survivors (2048K)
 Metaspace       used 41485K, committed 41856K, reserved 1089536K
  class space    used 5250K, committed 5440K, reserved 1048576K
}
Event: 2.655 GC heap before
{Heap before GC invocations=13 (full 0):
 garbage-first heap   total 61440K, used 41644K [0x0000000743200000, 0x0000000800000000)
  region size 2048K, 14 young (28672K), 1 survivors (2048K)
 Metaspace       used 43037K, committed 43392K, reserved 1089536K
  class space    used 5465K, committed 5632K, reserved 1048576K
}
Event: 2.657 GC heap after
{Heap after GC invocations=14 (full 0):
 garbage-first heap   total 61440K, used 17570K [0x0000000743200000, 0x0000000800000000)
  region size 2048K, 1 young (2048K), 1 survivors (2048K)
 Metaspace       used 43037K, committed 43392K, reserved 1089536K
  class space    used 5465K, committed 5632K, reserved 1048576K
}

